<?xml version="1.0" encoding="UTF-8"?>
<!-- Generated by org.testng.reporters.JUnitReportReporter -->
<testsuite hostname="Shubham" failures="0" tests="1" name="testNg.NewTest1" time="0.003" errors="0" timestamp="2022-05-21T13:39:07 IST" skipped="0">
  <testcase classname="testNg.NewTest1" name="firstTestExamlpe" time="0.003"/>
  <system-out/>
</testsuite> <!-- testNg.NewTest1 -->
