<?xml version="1.0" encoding="UTF-8"?>
<!-- Generated by org.testng.reporters.JUnitReportReporter -->
<testsuite hostname="Shubham" failures="0" tests="1" name="testNg.NewTest" time="0.123" errors="0" timestamp="2022-05-21T13:39:08 IST" skipped="0">
  <testcase classname="testNg.NewTest" name="testcase" time="0.123"/>
  <system-out/>
</testsuite> <!-- testNg.NewTest -->
