<?xml version="1.0" encoding="UTF-8"?>
<!-- Generated by org.testng.reporters.JUnitReportReporter -->
<testsuite hostname="Shubham" failures="0" tests="1" name="testNg.NewTest2" time="0.025" errors="0" timestamp="2022-05-21T13:39:07 IST" skipped="0">
  <testcase classname="testNg.NewTest2" name="testCase" time="0.025"/>
  <system-out/>
</testsuite> <!-- testNg.NewTest2 -->
