<?xml version="1.0" encoding="UTF-8"?>
<!-- Generated by org.testng.reporters.JUnitReportReporter -->
<testsuite hostname="Shubham" failures="0" tests="2" name="testNg.Ex" time="0.006" errors="0" timestamp="2022-05-21T13:39:07 IST" skipped="0">
  <testcase classname="testNg.Ex" name="TestCase1" time="0.003"/>
  <system-out/>
  <testcase classname="testNg.Ex" name="TestSample" time="0.003"/>
  <system-out/>
</testsuite> <!-- testNg.Ex -->
